
optiboot_atmega1284p.elf:     file format elf32-avr

Sections:
Idx Name          Size      VMA       LMA       File off  Algn
  0 .text         0000025c  0001fc00  0001fc00  00000054  2**1
                  CONTENTS, ALLOC, LOAD, READONLY, CODE
  1 .version      00000002  0001fffe  0001fffe  000002b0  2**0
                  CONTENTS, READONLY
  2 .stab         00000180  00000000  00000000  000002b4  2**2
                  CONTENTS, READONLY, DEBUGGING
  3 .stabstr      000000bb  00000000  00000000  00000434  2**0
                  CONTENTS, READONLY, DEBUGGING
  4 .debug_aranges 00000028  00000000  00000000  000004ef  2**0
                  CONTENTS, READONLY, DEBUGGING
  5 .debug_pubnames 0000005f  00000000  00000000  00000517  2**0
                  CONTENTS, READONLY, DEBUGGING
  6 .debug_info   000003c9  00000000  00000000  00000576  2**0
                  CONTENTS, READONLY, DEBUGGING
  7 .debug_abbrev 000001f0  00000000  00000000  0000093f  2**0
                  CONTENTS, READONLY, DEBUGGING
  8 .debug_line   00000453  00000000  00000000  00000b2f  2**0
                  CONTENTS, READONLY, DEBUGGING
  9 .debug_frame  00000080  00000000  00000000  00000f84  2**2
                  CONTENTS, READONLY, DEBUGGING
 10 .debug_str    00000161  00000000  00000000  00001004  2**0
                  CONTENTS, READONLY, DEBUGGING
 11 .debug_loc    000003b3  00000000  00000000  00001165  2**0
                  CONTENTS, READONLY, DEBUGGING
 12 .debug_ranges 000000d0  00000000  00000000  00001518  2**0
                  CONTENTS, READONLY, DEBUGGING

Disassembly of section .text:

0001fc00 <main>:
#define wdtVect (*(uint16_t*)(RAMSTART+SPM_PAGESIZE*2+6))
#endif


/* main program starts here */
int main(void) {
   1fc00:	11 24       	eor	r1, r1
#if defined(__AVR_ATmega8__) || defined (__AVR_ATmega32__)
  SP=RAMEND;  // This is done by hardware reset
#endif

  // Adaboot no-wait mod
  ch = MCUSR;
   1fc02:	84 b7       	in	r24, 0x34	; 52
  MCUSR = 0;
   1fc04:	14 be       	out	0x34, r1	; 52
  if (!(ch & _BV(EXTRF))) appStart(ch);
   1fc06:	81 ff       	sbrs	r24, 1
   1fc08:	0d d1       	rcall	.+538    	; 0x1fe24 <appStart>

#if LED_START_FLASHES > 0
  // Set up Timer 1 for timeout counter
  TCCR1B = _BV(CS12) | _BV(CS10); // div 1024
   1fc0a:	85 e0       	ldi	r24, 0x05	; 5
   1fc0c:	80 93 81 00 	sts	0x0081, r24
  UCSRA = _BV(U2X); //Double speed mode USART
  UCSRB = _BV(RXEN) | _BV(TXEN);  // enable Rx & Tx
  UCSRC = _BV(URSEL) | _BV(UCSZ1) | _BV(UCSZ0);  // config USART; 8N1
  UBRRL = (uint8_t)( (F_CPU + BAUD_RATE * 4L) / (BAUD_RATE * 8L) - 1 );
#else
  UART_SRA = _BV(U2X0); //Double speed mode USART0
   1fc10:	82 e0       	ldi	r24, 0x02	; 2
   1fc12:	80 93 c0 00 	sts	0x00C0, r24
  UART_SRB = _BV(RXEN0) | _BV(TXEN0);
   1fc16:	88 e1       	ldi	r24, 0x18	; 24
   1fc18:	80 93 c1 00 	sts	0x00C1, r24
  UART_SRC = _BV(UCSZ00) | _BV(UCSZ01);
   1fc1c:	86 e0       	ldi	r24, 0x06	; 6
   1fc1e:	80 93 c2 00 	sts	0x00C2, r24
  UART_SRL = (uint8_t)( (F_CPU + BAUD_RATE * 4L) / (BAUD_RATE * 8L) - 1 );
   1fc22:	80 e1       	ldi	r24, 0x10	; 16
   1fc24:	80 93 c4 00 	sts	0x00C4, r24
#endif
#endif

  // Set up watchdog to trigger after 500ms
  watchdogConfig(WATCHDOG_1S);
   1fc28:	8e e0       	ldi	r24, 0x0E	; 14
   1fc2a:	e6 d0       	rcall	.+460    	; 0x1fdf8 <watchdogConfig>

#if (LED_START_FLASHES > 0) || defined(LED_DATA_FLASH)
  /* Set LED pin as output */
  LED_DDR |= _BV(LED);
   1fc2c:	27 9a       	sbi	0x04, 7	; 4
   1fc2e:	86 e0       	ldi	r24, 0x06	; 6
}

#if LED_START_FLASHES > 0
void flash_led(uint8_t count) {
  do {
    TCNT1 = -(F_CPU/(1024*16));
   1fc30:	20 e3       	ldi	r18, 0x30	; 48
   1fc32:	3c ef       	ldi	r19, 0xFC	; 252
    TIFR1 = _BV(TOV1);
   1fc34:	91 e0       	ldi	r25, 0x01	; 1
}

#if LED_START_FLASHES > 0
void flash_led(uint8_t count) {
  do {
    TCNT1 = -(F_CPU/(1024*16));
   1fc36:	30 93 85 00 	sts	0x0085, r19
   1fc3a:	20 93 84 00 	sts	0x0084, r18
    TIFR1 = _BV(TOV1);
   1fc3e:	96 bb       	out	0x16, r25	; 22
    while(!(TIFR1 & _BV(TOV1)));
   1fc40:	b0 9b       	sbis	0x16, 0	; 22
   1fc42:	fe cf       	rjmp	.-4      	; 0x1fc40 <main+0x40>
#if defined(__AVR_ATmega8__)  || defined (__AVR_ATmega32__)
    LED_PORT ^= _BV(LED);
#else
    LED_PIN |= _BV(LED);
   1fc44:	1f 9a       	sbi	0x03, 7	; 3
}
#endif

// Watchdog functions. These are only safe with interrupts turned off.
void watchdogReset() {
  __asm__ __volatile__ (
   1fc46:	a8 95       	wdr
    LED_PORT ^= _BV(LED);
#else
    LED_PIN |= _BV(LED);
#endif
    watchdogReset();
  } while (--count);
   1fc48:	81 50       	subi	r24, 0x01	; 1
   1fc4a:	a9 f7       	brne	.-22     	; 0x1fc36 <main+0x36>
   1fc4c:	cc 24       	eor	r12, r12
   1fc4e:	dd 24       	eor	r13, r13
	     * Start the page erase and wait for it to finish.  There
	     * used to be code to do this while receiving the data over
	     * the serial link, but the performance improvement was slight,
	     * and we needed the space back.
	     */
	    __boot_page_erase_short((uint16_t)(void*)address);
   1fc50:	23 e0       	ldi	r18, 0x03	; 3
   1fc52:	82 2e       	mov	r8, r18
	     */
	    do {
		uint16_t a;
		a = *bufPtr++;
		a |= (*bufPtr++) << 8;
		__boot_page_fill_short((uint16_t)(void*)addrPtr,a);
   1fc54:	aa 24       	eor	r10, r10
   1fc56:	a3 94       	inc	r10
	     */
	    __boot_page_write_short((uint16_t)(void*)address);
	    boot_spm_busy_wait();
#if defined(RWWSRE)
	    // Reenable read access to flash
	    boot_rww_enable();
   1fc58:	91 e1       	ldi	r25, 0x11	; 17
   1fc5a:	99 2e       	mov	r9, r25
#endif

  /* Forever loop: exits by causing WDT reset */
  for (;;) {
    /* get character from UART */
    ch = getch();
   1fc5c:	c1 d0       	rcall	.+386    	; 0x1fde0 <getch>

    if(ch == STK_GET_PARAMETER) {
   1fc5e:	81 34       	cpi	r24, 0x41	; 65
   1fc60:	61 f4       	brne	.+24     	; 0x1fc7a <main+0x7a>
      unsigned char which = getch();
   1fc62:	be d0       	rcall	.+380    	; 0x1fde0 <getch>
   1fc64:	18 2f       	mov	r17, r24
      verifySpace();
   1fc66:	ce d0       	rcall	.+412    	; 0x1fe04 <verifySpace>
      if (which == 0x82) {
   1fc68:	12 38       	cpi	r17, 0x82	; 130
   1fc6a:	51 f1       	breq	.+84     	; 0x1fcc0 <main+0xc0>
	/*
	 * Send optiboot version as "minor SW version"
	 */
	putch(OPTIBOOT_MINVER);
      } else if (which == 0x81) {
   1fc6c:	11 38       	cpi	r17, 0x81	; 129
   1fc6e:	11 f4       	brne	.+4      	; 0x1fc74 <main+0x74>
	  putch(OPTIBOOT_MAJVER);
   1fc70:	86 e0       	ldi	r24, 0x06	; 6
   1fc72:	01 c0       	rjmp	.+2      	; 0x1fc76 <main+0x76>
      } else {
	/*
	 * GET PARAMETER returns a generic 0x03 reply for
         * other parameters - enough to keep Avrdude happy
	 */
	putch(0x03);
   1fc74:	83 e0       	ldi	r24, 0x03	; 3
   1fc76:	ac d0       	rcall	.+344    	; 0x1fdd0 <putch>
   1fc78:	a8 c0       	rjmp	.+336    	; 0x1fdca <main+0x1ca>
      }
    }
    else if(ch == STK_SET_DEVICE) {
   1fc7a:	82 34       	cpi	r24, 0x42	; 66
   1fc7c:	11 f4       	brne	.+4      	; 0x1fc82 <main+0x82>
      // SET DEVICE is ignored
      getNch(20);
   1fc7e:	84 e1       	ldi	r24, 0x14	; 20
   1fc80:	03 c0       	rjmp	.+6      	; 0x1fc88 <main+0x88>
    }
    else if(ch == STK_SET_DEVICE_EXT) {
   1fc82:	85 34       	cpi	r24, 0x45	; 69
   1fc84:	19 f4       	brne	.+6      	; 0x1fc8c <main+0x8c>
      // SET DEVICE EXT is ignored
      getNch(5);
   1fc86:	85 e0       	ldi	r24, 0x05	; 5
   1fc88:	c5 d0       	rcall	.+394    	; 0x1fe14 <verifySpace+0x10>
   1fc8a:	9f c0       	rjmp	.+318    	; 0x1fdca <main+0x1ca>
    }
    else if(ch == STK_LOAD_ADDRESS) {
   1fc8c:	85 35       	cpi	r24, 0x55	; 85
   1fc8e:	a1 f4       	brne	.+40     	; 0x1fcb8 <main+0xb8>
      // LOAD ADDRESS
      uint16_t newAddress;
      newAddress = getch();
   1fc90:	a7 d0       	rcall	.+334    	; 0x1fde0 <getch>
      newAddress = (newAddress & 0xff) | (getch() << 8);
   1fc92:	08 2f       	mov	r16, r24
   1fc94:	10 e0       	ldi	r17, 0x00	; 0
   1fc96:	a4 d0       	rcall	.+328    	; 0x1fde0 <getch>
   1fc98:	e8 2e       	mov	r14, r24
   1fc9a:	ff 24       	eor	r15, r15
   1fc9c:	fe 2c       	mov	r15, r14
   1fc9e:	ee 24       	eor	r14, r14
   1fca0:	e0 2a       	or	r14, r16
   1fca2:	f1 2a       	or	r15, r17
#ifdef RAMPZ
      // Transfer top bit to RAMPZ
      RAMPZ = (newAddress & 0x8000) ? 1 : 0;
   1fca4:	8f 2d       	mov	r24, r15
   1fca6:	88 1f       	adc	r24, r24
   1fca8:	88 27       	eor	r24, r24
   1fcaa:	88 1f       	adc	r24, r24
   1fcac:	8b bf       	out	0x3b, r24	; 59
#endif
      newAddress += newAddress; // Convert from word address to byte address
   1fcae:	ee 0c       	add	r14, r14
   1fcb0:	ff 1c       	adc	r15, r15
      address = newAddress;
      verifySpace();
   1fcb2:	a8 d0       	rcall	.+336    	; 0x1fe04 <verifySpace>
   1fcb4:	67 01       	movw	r12, r14
   1fcb6:	89 c0       	rjmp	.+274    	; 0x1fdca <main+0x1ca>
    }
    else if(ch == STK_UNIVERSAL) {
   1fcb8:	86 35       	cpi	r24, 0x56	; 86
   1fcba:	21 f4       	brne	.+8      	; 0x1fcc4 <main+0xc4>
      // UNIVERSAL command is ignored
      getNch(4);
   1fcbc:	84 e0       	ldi	r24, 0x04	; 4
   1fcbe:	aa d0       	rcall	.+340    	; 0x1fe14 <verifySpace+0x10>
      putch(0x00);
   1fcc0:	80 e0       	ldi	r24, 0x00	; 0
   1fcc2:	d9 cf       	rjmp	.-78     	; 0x1fc76 <main+0x76>
    }
    /* Write memory, length is big endian and is in bytes */
    else if(ch == STK_PROG_PAGE) {
   1fcc4:	84 36       	cpi	r24, 0x64	; 100
   1fcc6:	09 f0       	breq	.+2      	; 0x1fcca <main+0xca>
   1fcc8:	52 c0       	rjmp	.+164    	; 0x1fd6e <main+0x16e>
      // PROGRAM PAGE - we support flash programming only, not EEPROM
      uint8_t desttype;
      uint8_t *bufPtr;
      uint16_t savelength;

      length = getch()<<8;			/* getlen() */
   1fcca:	8a d0       	rcall	.+276    	; 0x1fde0 <getch>
   1fccc:	90 e0       	ldi	r25, 0x00	; 0
   1fcce:	18 2f       	mov	r17, r24
   1fcd0:	00 27       	eor	r16, r16
      length |= getch();
   1fcd2:	86 d0       	rcall	.+268    	; 0x1fde0 <getch>
   1fcd4:	90 e0       	ldi	r25, 0x00	; 0
   1fcd6:	08 2b       	or	r16, r24
   1fcd8:	19 2b       	or	r17, r25
      savelength = length;
      desttype = getch();
   1fcda:	82 d0       	rcall	.+260    	; 0x1fde0 <getch>
   1fcdc:	b8 2e       	mov	r11, r24
   1fcde:	e8 01       	movw	r28, r16
   1fce0:	e1 2c       	mov	r14, r1
   1fce2:	a1 e0       	ldi	r26, 0x01	; 1
   1fce4:	fa 2e       	mov	r15, r26

      // read a page worth of contents
      bufPtr = buff;
      do *bufPtr++ = getch();
   1fce6:	7c d0       	rcall	.+248    	; 0x1fde0 <getch>
   1fce8:	f7 01       	movw	r30, r14
   1fcea:	81 93       	st	Z+, r24
   1fcec:	7f 01       	movw	r14, r30
      while (--length);
   1fcee:	21 97       	sbiw	r28, 0x01	; 1
   1fcf0:	d1 f7       	brne	.-12     	; 0x1fce6 <main+0xe6>

      // Read command terminator, start reply
      verifySpace();
   1fcf2:	88 d0       	rcall	.+272    	; 0x1fe04 <verifySpace>
 * void writebuffer(memtype, buffer, address, length)
 */
static inline void writebuffer(int8_t memtype, uint8_t *mybuff,
			       uint16_t address, uint16_t len)
{
    switch (memtype) {
   1fcf4:	f5 e4       	ldi	r31, 0x45	; 69
   1fcf6:	bf 16       	cp	r11, r31
   1fcf8:	89 f4       	brne	.+34     	; 0x1fd1c <main+0x11c>
   1fcfa:	e6 01       	movw	r28, r12
   1fcfc:	e1 2c       	mov	r14, r1
   1fcfe:	f1 e0       	ldi	r31, 0x01	; 1
   1fd00:	ff 2e       	mov	r15, r31
   1fd02:	08 c0       	rjmp	.+16     	; 0x1fd14 <main+0x114>
   1fd04:	ce 01       	movw	r24, r28
    case 'E': // EEPROM
#if defined(SUPPORT_EEPROM) || defined(BIGBOOT)
        while(len--) {
	    eeprom_write_byte((uint8_t *)(address++), *mybuff++);
   1fd06:	21 96       	adiw	r28, 0x01	; 1
   1fd08:	f7 01       	movw	r30, r14
   1fd0a:	61 91       	ld	r22, Z+
   1fd0c:	7f 01       	movw	r14, r30
   1fd0e:	98 d0       	rcall	.+304    	; 0x1fe40 <__eewr_byte_m1284p>
   1fd10:	01 50       	subi	r16, 0x01	; 1
   1fd12:	10 40       	sbci	r17, 0x00	; 0
			       uint16_t address, uint16_t len)
{
    switch (memtype) {
    case 'E': // EEPROM
#if defined(SUPPORT_EEPROM) || defined(BIGBOOT)
        while(len--) {
   1fd14:	01 15       	cp	r16, r1
   1fd16:	11 05       	cpc	r17, r1
   1fd18:	a9 f7       	brne	.-22     	; 0x1fd04 <main+0x104>
   1fd1a:	57 c0       	rjmp	.+174    	; 0x1fdca <main+0x1ca>
	     * Start the page erase and wait for it to finish.  There
	     * used to be code to do this while receiving the data over
	     * the serial link, but the performance improvement was slight,
	     * and we needed the space back.
	     */
	    __boot_page_erase_short((uint16_t)(void*)address);
   1fd1c:	f6 01       	movw	r30, r12
   1fd1e:	87 be       	out	0x37, r8	; 55
   1fd20:	e8 95       	spm
	    boot_spm_busy_wait();
   1fd22:	07 b6       	in	r0, 0x37	; 55
   1fd24:	00 fc       	sbrc	r0, 0
   1fd26:	fd cf       	rjmp	.-6      	; 0x1fd22 <main+0x122>
   1fd28:	b8 01       	movw	r22, r16
   1fd2a:	a6 01       	movw	r20, r12
   1fd2c:	a0 e0       	ldi	r26, 0x00	; 0
   1fd2e:	b1 e0       	ldi	r27, 0x01	; 1
	    /*
	     * Copy data from the buffer into the flash write buffer.
	     */
	    do {
		uint16_t a;
		a = *bufPtr++;
   1fd30:	2c 91       	ld	r18, X
   1fd32:	30 e0       	ldi	r19, 0x00	; 0
		a |= (*bufPtr++) << 8;
   1fd34:	11 96       	adiw	r26, 0x01	; 1
   1fd36:	8c 91       	ld	r24, X
   1fd38:	11 97       	sbiw	r26, 0x01	; 1
   1fd3a:	90 e0       	ldi	r25, 0x00	; 0
   1fd3c:	98 2f       	mov	r25, r24
   1fd3e:	88 27       	eor	r24, r24
   1fd40:	82 2b       	or	r24, r18
   1fd42:	93 2b       	or	r25, r19
#define wdtVect (*(uint16_t*)(RAMSTART+SPM_PAGESIZE*2+6))
#endif


/* main program starts here */
int main(void) {
   1fd44:	12 96       	adiw	r26, 0x02	; 2
	     */
	    do {
		uint16_t a;
		a = *bufPtr++;
		a |= (*bufPtr++) << 8;
		__boot_page_fill_short((uint16_t)(void*)addrPtr,a);
   1fd46:	fa 01       	movw	r30, r20
   1fd48:	0c 01       	movw	r0, r24
   1fd4a:	a7 be       	out	0x37, r10	; 55
   1fd4c:	e8 95       	spm
   1fd4e:	11 24       	eor	r1, r1
		addrPtr += 2;
   1fd50:	4e 5f       	subi	r20, 0xFE	; 254
   1fd52:	5f 4f       	sbci	r21, 0xFF	; 255
	    } while (len -= 2);
   1fd54:	62 50       	subi	r22, 0x02	; 2
   1fd56:	70 40       	sbci	r23, 0x00	; 0
   1fd58:	59 f7       	brne	.-42     	; 0x1fd30 <main+0x130>

	    /*
	     * Actually Write the buffer to flash (and wait for it to finish.)
	     */
	    __boot_page_write_short((uint16_t)(void*)address);
   1fd5a:	85 e0       	ldi	r24, 0x05	; 5
   1fd5c:	f6 01       	movw	r30, r12
   1fd5e:	87 bf       	out	0x37, r24	; 55
   1fd60:	e8 95       	spm
	    boot_spm_busy_wait();
   1fd62:	07 b6       	in	r0, 0x37	; 55
   1fd64:	00 fc       	sbrc	r0, 0
   1fd66:	fd cf       	rjmp	.-6      	; 0x1fd62 <main+0x162>
#if defined(RWWSRE)
	    // Reenable read access to flash
	    boot_rww_enable();
   1fd68:	97 be       	out	0x37, r9	; 55
   1fd6a:	e8 95       	spm
   1fd6c:	2e c0       	rjmp	.+92     	; 0x1fdca <main+0x1ca>
      writebuffer(desttype, buff, address, savelength);


    }
    /* Read memory block mode, length is big endian.  */
    else if(ch == STK_READ_PAGE) {
   1fd6e:	84 37       	cpi	r24, 0x74	; 116
   1fd70:	f1 f4       	brne	.+60     	; 0x1fdae <main+0x1ae>
      uint8_t desttype;
      length = getch()<<8;			/* getlen() */
   1fd72:	36 d0       	rcall	.+108    	; 0x1fde0 <getch>
   1fd74:	90 e0       	ldi	r25, 0x00	; 0
   1fd76:	d8 2f       	mov	r29, r24
   1fd78:	cc 27       	eor	r28, r28
      length |= getch();
   1fd7a:	32 d0       	rcall	.+100    	; 0x1fde0 <getch>
   1fd7c:	90 e0       	ldi	r25, 0x00	; 0
   1fd7e:	c8 2b       	or	r28, r24
   1fd80:	d9 2b       	or	r29, r25
      desttype = getch();
   1fd82:	2e d0       	rcall	.+92     	; 0x1fde0 <getch>
   1fd84:	18 2f       	mov	r17, r24

      verifySpace();
   1fd86:	3e d0       	rcall	.+124    	; 0x1fe04 <verifySpace>

static inline void read_mem(uint8_t memtype, uint16_t address, uint16_t length)
{
    uint8_t ch;

    switch (memtype) {
   1fd88:	15 34       	cpi	r17, 0x45	; 69
   1fd8a:	49 f4       	brne	.+18     	; 0x1fd9e <main+0x19e>
   1fd8c:	86 01       	movw	r16, r12
   1fd8e:	c8 01       	movw	r24, r16

#if defined(SUPPORT_EEPROM) || defined(BIGBOOT)
    case 'E': // EEPROM
	do {
	    putch(eeprom_read_byte((uint8_t *)(address++)));
   1fd90:	0f 5f       	subi	r16, 0xFF	; 255
   1fd92:	1f 4f       	sbci	r17, 0xFF	; 255
   1fd94:	4d d0       	rcall	.+154    	; 0x1fe30 <__eerd_byte_m1284p>
   1fd96:	1c d0       	rcall	.+56     	; 0x1fdd0 <putch>
	} while (--length);
   1fd98:	21 97       	sbiw	r28, 0x01	; 1
   1fd9a:	c9 f7       	brne	.-14     	; 0x1fd8e <main+0x18e>
   1fd9c:	16 c0       	rjmp	.+44     	; 0x1fdca <main+0x1ca>
   1fd9e:	86 01       	movw	r16, r12
	    __asm__ ("elpm %0,Z+\n" : "=r" (ch), "=z" (address): "1" (address));
#else
	    // read a Flash byte and increment the address
	    __asm__ ("lpm %0,Z+\n" : "=r" (ch), "=z" (address): "1" (address));
#endif
	    putch(ch);
   1fda0:	f8 01       	movw	r30, r16
   1fda2:	87 91       	elpm	r24, Z+
   1fda4:	8f 01       	movw	r16, r30
   1fda6:	14 d0       	rcall	.+40     	; 0x1fdd0 <putch>
	} while (--length);
   1fda8:	21 97       	sbiw	r28, 0x01	; 1
   1fdaa:	d1 f7       	brne	.-12     	; 0x1fda0 <main+0x1a0>
   1fdac:	0e c0       	rjmp	.+28     	; 0x1fdca <main+0x1ca>
	  
      read_mem(desttype, address, length);
    }

    /* Get device signature bytes  */
    else if(ch == STK_READ_SIGN) {
   1fdae:	85 37       	cpi	r24, 0x75	; 117
   1fdb0:	39 f4       	brne	.+14     	; 0x1fdc0 <main+0x1c0>
      // READ SIGN - return what Avrdude wants to hear
      verifySpace();
   1fdb2:	28 d0       	rcall	.+80     	; 0x1fe04 <verifySpace>
      putch(SIGNATURE_0);
   1fdb4:	8e e1       	ldi	r24, 0x1E	; 30
   1fdb6:	0c d0       	rcall	.+24     	; 0x1fdd0 <putch>
      putch(SIGNATURE_1);
   1fdb8:	87 e9       	ldi	r24, 0x97	; 151
   1fdba:	0a d0       	rcall	.+20     	; 0x1fdd0 <putch>
      putch(SIGNATURE_2);
   1fdbc:	85 e0       	ldi	r24, 0x05	; 5
   1fdbe:	5b cf       	rjmp	.-330    	; 0x1fc76 <main+0x76>
    }
    else if (ch == STK_LEAVE_PROGMODE) { /* 'Q' */
   1fdc0:	81 35       	cpi	r24, 0x51	; 81
   1fdc2:	11 f4       	brne	.+4      	; 0x1fdc8 <main+0x1c8>
      // Adaboot no-wait mod
      watchdogConfig(WATCHDOG_16MS);
   1fdc4:	88 e0       	ldi	r24, 0x08	; 8
   1fdc6:	18 d0       	rcall	.+48     	; 0x1fdf8 <watchdogConfig>
      verifySpace();
    }
    else {
      // This covers the response to commands like STK_ENTER_PROGMODE
      verifySpace();
   1fdc8:	1d d0       	rcall	.+58     	; 0x1fe04 <verifySpace>
    }
    putch(STK_OK);
   1fdca:	80 e1       	ldi	r24, 0x10	; 16
   1fdcc:	01 d0       	rcall	.+2      	; 0x1fdd0 <putch>
   1fdce:	46 cf       	rjmp	.-372    	; 0x1fc5c <main+0x5c>

0001fdd0 <putch>:
  }
}

void putch(char ch) {
   1fdd0:	98 2f       	mov	r25, r24
#ifndef SOFT_UART
  while (!(UART_SRA & _BV(UDRE0)));
   1fdd2:	80 91 c0 00 	lds	r24, 0x00C0
   1fdd6:	85 ff       	sbrs	r24, 5
   1fdd8:	fc cf       	rjmp	.-8      	; 0x1fdd2 <putch+0x2>
  UART_UDR = ch;
   1fdda:	90 93 c6 00 	sts	0x00C6, r25
      [uartBit] "I" (UART_TX_BIT)
    :
      "r25"
  );
#endif
}
   1fdde:	08 95       	ret

0001fde0 <getch>:
      [uartBit] "I" (UART_RX_BIT)
    :
      "r25"
);
#else
  while(!(UART_SRA & _BV(RXC0)))
   1fde0:	80 91 c0 00 	lds	r24, 0x00C0
   1fde4:	87 ff       	sbrs	r24, 7
   1fde6:	fc cf       	rjmp	.-8      	; 0x1fde0 <getch>
    ;
  if (!(UART_SRA & _BV(FE0))) {
   1fde8:	80 91 c0 00 	lds	r24, 0x00C0
   1fdec:	84 fd       	sbrc	r24, 4
   1fdee:	01 c0       	rjmp	.+2      	; 0x1fdf2 <getch+0x12>
}
#endif

// Watchdog functions. These are only safe with interrupts turned off.
void watchdogReset() {
  __asm__ __volatile__ (
   1fdf0:	a8 95       	wdr
       * don't care that an invalid char is returned...)
       */
    watchdogReset();
  }
  
  ch = UART_UDR;
   1fdf2:	80 91 c6 00 	lds	r24, 0x00C6
  LED_PIN |= _BV(LED);
#endif
#endif

  return ch;
}
   1fdf6:	08 95       	ret

0001fdf8 <watchdogConfig>:
    "wdr\n"
  );
}

void watchdogConfig(uint8_t x) {
  WDTCSR = _BV(WDCE) | _BV(WDE);
   1fdf8:	e0 e6       	ldi	r30, 0x60	; 96
   1fdfa:	f0 e0       	ldi	r31, 0x00	; 0
   1fdfc:	98 e1       	ldi	r25, 0x18	; 24
   1fdfe:	90 83       	st	Z, r25
  WDTCSR = x;
   1fe00:	80 83       	st	Z, r24
}
   1fe02:	08 95       	ret

0001fe04 <verifySpace>:
  do getch(); while (--count);
  verifySpace();
}

void verifySpace() {
  if (getch() != CRC_EOP) {
   1fe04:	ed df       	rcall	.-38     	; 0x1fde0 <getch>
   1fe06:	80 32       	cpi	r24, 0x20	; 32
   1fe08:	19 f0       	breq	.+6      	; 0x1fe10 <verifySpace+0xc>
    watchdogConfig(WATCHDOG_16MS);    // shorten WD timeout
   1fe0a:	88 e0       	ldi	r24, 0x08	; 8
   1fe0c:	f5 df       	rcall	.-22     	; 0x1fdf8 <watchdogConfig>
   1fe0e:	ff cf       	rjmp	.-2      	; 0x1fe0e <verifySpace+0xa>
    while (1)			      // and busy-loop so that WD causes
      ;				      //  a reset and app start.
  }
  putch(STK_INSYNC);
   1fe10:	84 e1       	ldi	r24, 0x14	; 20
}
   1fe12:	de cf       	rjmp	.-68     	; 0x1fdd0 <putch>
    ::[count] "M" (UART_B_VALUE)
  );
}
#endif

void getNch(uint8_t count) {
   1fe14:	1f 93       	push	r17

0001fe16 <getNch>:
   1fe16:	18 2f       	mov	r17, r24
  do getch(); while (--count);
   1fe18:	e3 df       	rcall	.-58     	; 0x1fde0 <getch>
   1fe1a:	11 50       	subi	r17, 0x01	; 1
   1fe1c:	e9 f7       	brne	.-6      	; 0x1fe18 <getNch+0x2>
  verifySpace();
   1fe1e:	f2 df       	rcall	.-28     	; 0x1fe04 <verifySpace>
}
   1fe20:	1f 91       	pop	r17
   1fe22:	08 95       	ret

0001fe24 <appStart>:

void appStart(uint8_t rstFlags) {
  // save the reset flags in the designated register
  //  This can be saved in a main program by putting code in .init0 (which
  //  executes before normal c init code) to save R2 to a global variable.
  __asm__ __volatile__ ("mov r2, %0\n" :: "r" (rstFlags));
   1fe24:	28 2e       	mov	r2, r24

  watchdogConfig(WATCHDOG_OFF);
   1fe26:	80 e0       	ldi	r24, 0x00	; 0
   1fe28:	e7 df       	rcall	.-50     	; 0x1fdf8 <watchdogConfig>
  __asm__ __volatile__ (
   1fe2a:	ee 27       	eor	r30, r30
   1fe2c:	ff 27       	eor	r31, r31
   1fe2e:	09 94       	ijmp

0001fe30 <__eerd_byte_m1284p>:
   1fe30:	f9 99       	sbic	0x1f, 1	; 31
   1fe32:	fe cf       	rjmp	.-4      	; 0x1fe30 <__eerd_byte_m1284p>
   1fe34:	92 bd       	out	0x22, r25	; 34
   1fe36:	81 bd       	out	0x21, r24	; 33
   1fe38:	f8 9a       	sbi	0x1f, 0	; 31
   1fe3a:	99 27       	eor	r25, r25
   1fe3c:	80 b5       	in	r24, 0x20	; 32
   1fe3e:	08 95       	ret

0001fe40 <__eewr_byte_m1284p>:
   1fe40:	26 2f       	mov	r18, r22

0001fe42 <__eewr_r18_m1284p>:
   1fe42:	f9 99       	sbic	0x1f, 1	; 31
   1fe44:	fe cf       	rjmp	.-4      	; 0x1fe42 <__eewr_r18_m1284p>
   1fe46:	1f ba       	out	0x1f, r1	; 31
   1fe48:	92 bd       	out	0x22, r25	; 34
   1fe4a:	81 bd       	out	0x21, r24	; 33
   1fe4c:	20 bd       	out	0x20, r18	; 32
   1fe4e:	0f b6       	in	r0, 0x3f	; 63
   1fe50:	f8 94       	cli
   1fe52:	fa 9a       	sbi	0x1f, 2	; 31
   1fe54:	f9 9a       	sbi	0x1f, 1	; 31
   1fe56:	0f be       	out	0x3f, r0	; 63
   1fe58:	01 96       	adiw	r24, 0x01	; 1
   1fe5a:	08 95       	ret
